# JRE version: OpenJDK Runtime Environment (8.0_91-b14) (build 1.8.0_91-8u91-b14-3ubuntu1~16.04.1-b14)
# Java VM: OpenJDK Server VM (25.91-b14 mixed mode linux-x86 )
Heap:
 PSYoungGen      total 70656K, used 5119K [0x9c780000, 0xa1180000, 0xa6e00000)
  eden space 65536K, 0% used [0x9c780000,0x9c780000,0xa0780000)
  from space 5120K, 99% used [0xa0780000,0xa0c7ff10,0xa0c80000)
  to   space 4864K, 0% used [0xa0cc0000,0xa0cc0000,0xa1180000)
 ParOldGen       total 22016K, used 9680K [0x87a00000, 0x88f80000, 0x9c780000)
  object space 22016K, 43% used [0x87a00000,0x88374180,0x88f80000)
 Metaspace       used 9873K, capacity 10168K, committed 10264K, reserved 10544K
GC Heap History (10 events):
Event: 5,222 GC heap after
Heap after GC invocations=2 (full 0):
 PSYoungGen      total 17664K, used 1271K [0x9c780000, 0x9da00000, 0xa6e00000)
  eden space 16384K, 0% used [0x9c780000,0x9c780000,0x9d780000)
  from space 1280K, 99% used [0x9d8c0000,0x9d9fde98,0x9da00000)
  to   space 1280K, 0% used [0x9d780000,0x9d780000,0x9d8c0000)
 ParOldGen       total 22016K, used 1315K [0x87a00000, 0x88f80000, 0x9c780000)
  object space 22016K, 5% used [0x87a00000,0x87b48d78,0x88f80000)
 Metaspace       used 4347K, capacity 4428K, committed 4504K, reserved 5424K
}
Event: 8,029 GC heap before
{Heap before GC invocations=3 (full 0):
 PSYoungGen      total 17664K, used 17655K [0x9c780000, 0x9da00000, 0xa6e00000)
  eden space 16384K, 100% used [0x9c780000,0x9d780000,0x9d780000)
  from space 1280K, 99% used [0x9d8c0000,0x9d9fde98,0x9da00000)
  to   space 1280K, 0% used [0x9d780000,0x9d780000,0x9d8c0000)
 ParOldGen       total 22016K, used 1315K [0x87a00000, 0x88f80000, 0x9c780000)
  object space 22016K, 5% used [0x87a00000,0x87b48d78,0x88f80000)
 Metaspace       used 5309K, capacity 5401K, committed 5528K, reserved 6448K
Event: 8,067 GC heap after
Heap after GC invocations=3 (full 0):
 PSYoungGen      total 17664K, used 1264K [0x9c780000, 0x9ea00000, 0xa6e00000)
  eden space 16384K, 0% used [0x9c780000,0x9c780000,0x9d780000)
  from space 1280K, 98% used [0x9d780000,0x9d8bc030,0x9d8c0000)
  to   space 1280K, 0% used [0x9e8c0000,0x9e8c0000,0x9ea00000)
 ParOldGen       total 22016K, used 2940K [0x87a00000, 0x88f80000, 0x9c780000)
  object space 22016K, 13% used [0x87a00000,0x87cdf050,0x88f80000)
 Metaspace       used 5309K, capacity 5401K, committed 5528K, reserved 6448K
}
Event: 9,389 GC heap before
{Heap before GC invocations=4 (full 0):
 PSYoungGen      total 17664K, used 17648K [0x9c780000, 0x9ea00000, 0xa6e00000)
  eden space 16384K, 100% used [0x9c780000,0x9d780000,0x9d780000)
  from space 1280K, 98% used [0x9d780000,0x9d8bc030,0x9d8c0000)
  to   space 1280K, 0% used [0x9e8c0000,0x9e8c0000,0x9ea00000)
 ParOldGen       total 22016K, used 2940K [0x87a00000, 0x88f80000, 0x9c780000)
  object space 22016K, 13% used [0x87a00000,0x87cdf050,0x88f80000)
 Metaspace       used 6649K, capacity 6747K, committed 6808K, reserved 7472K
Event: 9,423 GC heap after
Heap after GC invocations=4 (full 0):
 PSYoungGen      total 34048K, used 1272K [0x9c780000, 0x9ea00000, 0xa6e00000)
  eden space 32768K, 0% used [0x9c780000,0x9c780000,0x9e780000)
  from space 1280K, 99% used [0x9e8c0000,0x9e9fe020,0x9ea00000)
  to   space 1280K, 0% used [0x9e780000,0x9e780000,0x9e8c0000)
 ParOldGen       total 22016K, used 5181K [0x87a00000, 0x88f80000, 0x9c780000)
  object space 22016K, 23% used [0x87a00000,0x87f0f520,0x88f80000)
 Metaspace       used 6649K, capacity 6747K, committed 6808K, reserved 7472K
}
Event: 13,929 GC heap before
{Heap before GC invocations=5 (full 0):
 PSYoungGen      total 34048K, used 34040K [0x9c780000, 0x9ea00000, 0xa6e00000)
  eden space 32768K, 100% used [0x9c780000,0x9e780000,0x9e780000)
  from space 1280K, 99% used [0x9e8c0000,0x9e9fe020,0x9ea00000)
  to   space 1280K, 0% used [0x9e780000,0x9e780000,0x9e8c0000)
 ParOldGen       total 22016K, used 5181K [0x87a00000, 0x88f80000, 0x9c780000)
  object space 22016K, 23% used [0x87a00000,0x87f0f520,0x88f80000)
 Metaspace       used 8732K, capacity 8987K, committed 9112K, reserved 9520K
Event: 14,006 GC heap after
Heap after GC invocations=5 (full 0):
 PSYoungGen      total 34048K, used 1274K [0x9c780000, 0xa1200000, 0xa6e00000)
  eden space 32768K, 0% used [0x9c780000,0x9c780000,0x9e780000)
  from space 1280K, 99% used [0x9e780000,0x9e8be840,0x9e8c0000)
  to   space 5376K, 0% used [0xa0cc0000,0xa0cc0000,0xa1200000)
 ParOldGen       total 22016K, used 9085K [0x87a00000, 0x88f80000, 0x9c780000)
  object space 22016K, 41% used [0x87a00000,0x882df618,0x88f80000)
 Metaspace       used 8732K, capacity 8987K, committed 9112K, reserved 9520K
}
Event: 18,630 GC heap before
{Heap before GC invocations=6 (full 0):
 PSYoungGen      total 34048K, used 34042K [0x9c780000, 0xa1200000, 0xa6e00000)
  eden space 32768K, 100% used [0x9c780000,0x9e780000,0x9e780000)
  from space 1280K, 99% used [0x9e780000,0x9e8be840,0x9e8c0000)
  to   space 5376K, 0% used [0xa0cc0000,0xa0cc0000,0xa1200000)
 ParOldGen       total 22016K, used 9085K [0x87a00000, 0x88f80000, 0x9c780000)
  object space 22016K, 41% used [0x87a00000,0x882df618,0x88f80000)
 Metaspace       used 9137K, capacity 9381K, committed 9496K, reserved 9520K
Event: 18,683 GC heap after
Heap after GC invocations=6 (full 0):
 PSYoungGen      total 70400K, used 2905K [0x9c780000, 0xa1180000, 0xa6e00000)
  eden space 65536K, 0% used [0x9c780000,0x9c780000,0xa0780000)
  from space 4864K, 59% used [0xa0cc0000,0xa0f965b8,0xa1180000)
  to   space 5120K, 0% used [0xa0780000,0xa0780000,0xa0c80000)
 ParOldGen       total 22016K, used 9085K [0x87a00000, 0x88f80000, 0x9c780000)
  object space 22016K, 41% used [0x87a00000,0x882df618,0x88f80000)
 Metaspace       used 9137K, capacity 9381K, committed 9496K, reserved 9520K
}
Event: 32,502 GC heap before
{Heap before GC invocations=7 (full 0):
 PSYoungGen      total 70400K, used 68441K [0x9c780000, 0xa1180000, 0xa6e00000)
  eden space 65536K, 100% used [0x9c780000,0xa0780000,0xa0780000)
  from space 4864K, 59% used [0xa0cc0000,0xa0f965b8,0xa1180000)
  to   space 5120K, 0% used [0xa0780000,0xa0780000,0xa0c80000)
 ParOldGen       total 22016K, used 9085K [0x87a00000, 0x88f80000, 0x9c780000)
  object space 22016K, 41% used [0x87a00000,0x882df618,0x88f80000)
 Metaspace       used 9873K, capacity 10168K, committed 10264K, reserved 10544K

